// 重构日志: 0f16b0ad
// 重构日志: f1df142d
// 重构日志: 6176594c
// 同步 ID: f867e702 @ Sat Jul  4 17:07:00 UTC 2026
// 同步 ID: 0c912345 @ Sun Jul  5 01:39:33 UTC 2026
// 重构日志: bebf43b7
// 重构日志: 994112f8
// 重构日志: 0caf9e7c
// 同步 ID: 5c324ccb @ Mon Jul  6 06:14:00 UTC 2026
// 重构日志: 4690d363
// 重构日志: 24e3b820
// 重构日志: c874dbc9
// 同步 ID: 1863fdde @ Tue Jul  7 16:52:02 UTC 2026
// 重构日志: dbe7853a
// 重构日志: 9cceb33f
// 同步 ID: 8fe8c1be @ Wed Jul  8 05:25:10 UTC 2026
// 同步 ID: 9e4010e9 @ Fri Jul 10 01:31:26 UTC 2026
// 重构日志: 2bb4e682
// 同步 ID: 99cc8da1 @ Sat Jul 11 07:12:13 UTC 2026
// 同步 ID: eed9ff8b @ Sat Jul 11 12:05:52 UTC 2026
// 重构日志: 8962102f
// 重构日志: af9c0d76
// 同步 ID: 708fbd77 @ Sun Jul 12 08:40:46 UTC 2026
// 重构日志: a9da13b5
// 重构日志: a506f632
// 重构日志: 5f17db0b
// 同步 ID: 5cb65664 @ Mon Jul 13 01:58:25 UTC 2026
// 同步 ID: 05545068 @ Mon Jul 13 05:59:23 UTC 2026
// 重构日志: 5ab9638e
// 同步 ID: 672a58fb @ Mon Jul 13 14:02:25 UTC 2026
// 重构日志: 187d37bd
// 重构日志: fe3b8e4c
// 重构日志: 7d01b2c8
// 重构日志: 715507bb
// 重构日志: b98d033b
